#
# There is insufficient memory for the Java Runtime Environment to continue.
# Native memory allocation (malloc) failed to allocate 713456 bytes for Chunk::new
# Possible reasons:
#   The system is out of physical RAM or swap space
#   In 32 bit mode, the process size limit was hit
# Possible solutions:
#   Reduce memory load on the system
#   Increase physical memory or swap space
#   Check if swap backing store is full
#   Use 64 bit Java on a 64 bit OS
#   Decrease Java heap size (-Xmx/-Xms)
#   Decrease number of Java threads
#   Decrease Java thread stack sizes (-Xss)
#   Set larger code cache with -XX:ReservedCodeCacheSize=
# This output file may be truncated or incomplete.
#
#  Out of Memory Error (allocation.cpp:390), pid=14684, tid=0x000000000000398c
#
# JRE version: Java(TM) SE Runtime Environment (8.0_171-b11) (build 1.8.0_171-b11)
# Java VM: Java HotSpot(TM) 64-Bit Server VM (25.171-b11 mixed mode windows-amd64 compressed oops)
# Failed to write core dump. Minidumps are not enabled by default on client versions of Windows
#

---------------  T H R E A D  ---------------

Current thread (0x0000000015579000):  JavaThread "C2 CompilerThread1" daemon [_thread_in_native, id=14732, stack(0x0000000016ce0000,0x0000000016de0000)]

Stack: [0x0000000016ce0000,0x0000000016de0000]
[error occurred during error reporting (printing stack bounds), id 0xc0000005]

Native frames: (J=compiled Java code, j=interpreted, Vv=VM code, C=native code)


Current CompileTask:
C2:1253785 13085       4       org.gradle.api.internal.changedetection.state.ValueSnapshotter::processValue (645 bytes)


---------------  P R O C E S S  ---------------

Java Threads: ( => current thread )
  0x000000001b623800 JavaThread "Cache worker for file content cache (C:\Repositorio\SOSPY\platforms\android\.gradle\4.10.3\fileContent)" [_thread_in_Java, id=4572, stack(0x0000000024030000,0x0000000024130000)]
  0x000000001b625000 JavaThread "Build operations Thread 4" [_thread_blocked, id=6048, stack(0x00000000226b0000,0x00000000227b0000)]
  0x000000001b61d800 JavaThread "Build operations Thread 3" [_thread_blocked, id=9980, stack(0x0000000020f00000,0x0000000021000000)]
  0x000000001b61c000 JavaThread "Build operations Thread 2" [_thread_blocked, id=9940, stack(0x0000000020890000,0x0000000020990000)]
  0x000000001b622800 JavaThread "Build operations" [_thread_blocked, id=12476, stack(0x0000000020790000,0x0000000020890000)]
  0x000000001b622000 JavaThread "Cache worker for cache directory md-rule (C:\Users\Pablo\.gradle\caches\4.10.3\md-rule)" [_thread_blocked, id=10000, stack(0x0000000020690000,0x0000000020790000)]
  0x000000001b621000 JavaThread "Cache worker for cache directory md-supplier (C:\Users\Pablo\.gradle\caches\4.10.3\md-supplier)" [_thread_blocked, id=5292, stack(0x0000000020590000,0x0000000020690000)]
  0x000000001b61f800 JavaThread "Cache worker for file hash cache (C:\Repositorio\SOSPY\platforms\android\.gradle\4.10.3\fileHashes)" [_thread_blocked, id=2980, stack(0x000000001da80000,0x000000001db80000)]
  0x00000000187dc800 JavaThread "Stdin handler" [_thread_blocked, id=10272, stack(0x000000001d6a0000,0x000000001d7a0000)]
  0x00000000187db800 JavaThread "Asynchronous log dispatcher for DefaultDaemonConnection: socket connection from /127.0.0.1:49983 to /127.0.0.1:51120" [_thread_blocked, id=9276, stack(0x000000001b200000,0x000000001b300000)]
  0x00000000187db000 JavaThread "Daemon worker Thread 8" [_thread_in_Java, id=1892, stack(0x0000000019b30000,0x0000000019c30000)]
  0x00000000187da000 JavaThread "Cancel handler" [_thread_blocked, id=10208, stack(0x0000000019a30000,0x0000000019b30000)]
  0x00000000187d8800 JavaThread "Handler for socket connection from /127.0.0.1:49983 to /127.0.0.1:51120" [_thread_in_native, id=5356, stack(0x0000000019930000,0x0000000019a30000)]
  0x00000000187de800 JavaThread "Daemon Thread 8" [_thread_blocked, id=7388, stack(0x0000000019630000,0x0000000019730000)]
  0x000000001b61f000 JavaThread "Cache worker for file content cache (C:\Users\Pablo\.gradle\caches\4.10.3\fileContent)" [_thread_blocked, id=15224, stack(0x00000000225b0000,0x00000000226b0000)]
  0x000000001b620800 JavaThread "Memory manager" [_thread_blocked, id=15216, stack(0x00000000224b0000,0x00000000225b0000)]
  0x000000001b61c800 JavaThread "pool-1-thread-1" [_thread_blocked, id=1444, stack(0x0000000020990000,0x0000000020a90000)]
  0x00000000187d9800 JavaThread "Cache worker for Artifact transforms cache (C:\Users\Pablo\.gradle\caches\transforms-1)" [_thread_blocked, id=14408, stack(0x0000000020290000,0x0000000020390000)]
  0x00000000187df800 JavaThread "Cache worker for journal cache (C:\Users\Pablo\.gradle\caches\journal-1)" [_thread_blocked, id=14932, stack(0x000000001c2d0000,0x000000001c3d0000)]
  0x00000000187dd000 JavaThread "File lock request listener" [_thread_in_native, id=14920, stack(0x000000001af00000,0x000000001b000000)]
  0x00000000187de000 JavaThread "Cache worker for file hash cache (C:\Users\Pablo\.gradle\caches\4.10.3\fileHashes)" [_thread_blocked, id=14916, stack(0x000000001ae00000,0x000000001af00000)]
  0x0000000018560800 JavaThread "Daemon periodic checks" [_thread_blocked, id=14884, stack(0x0000000019530000,0x0000000019630000)]
  0x0000000018547000 JavaThread "Incoming local TCP Connector on port 49983" [_thread_in_native, id=14868, stack(0x00000000192f0000,0x00000000193f0000)]
  0x000000001844a800 JavaThread "Daemon health stats" [_thread_blocked, id=14852, stack(0x0000000018cb0000,0x0000000018db0000)]
  0x0000000016f18800 JavaThread "Service Thread" daemon [_thread_blocked, id=14784, stack(0x00000000172e0000,0x00000000173e0000)]
  0x000000001558a000 JavaThread "C1 CompilerThread2" daemon [_thread_blocked, id=14724, stack(0x0000000016de0000,0x0000000016ee0000)]
=>0x0000000015579000 JavaThread "C2 CompilerThread1" daemon [_thread_in_native, id=14732, stack(0x0000000016ce0000,0x0000000016de0000)]
  0x0000000015574800 JavaThread "C2 CompilerThread0" daemon [_thread_in_native, id=14744, stack(0x0000000016be0000,0x0000000016ce0000)]
  0x0000000015572000 JavaThread "Attach Listener" daemon [_thread_blocked, id=14728, stack(0x0000000016ae0000,0x0000000016be0000)]
  0x0000000015570800 JavaThread "Signal Dispatcher" daemon [_thread_blocked, id=14740, stack(0x00000000169e0000,0x0000000016ae0000)]
  0x0000000002e9c800 JavaThread "Finalizer" daemon [_thread_blocked, id=14748, stack(0x00000000167e0000,0x00000000168e0000)]
  0x0000000015539000 JavaThread "Reference Handler" daemon [_thread_blocked, id=14752, stack(0x00000000166e0000,0x00000000167e0000)]
  0x0000000002da2800 JavaThread "main" [_thread_blocked, id=14716, stack(0x0000000002c60000,0x0000000002d60000)]

Other Threads:
  0x0000000015537800 VMThread [stack: 0x00000000165e0000,0x00000000166e0000] [id=14736]
  0x00000000155cd000 WatcherThread [stack: 0x00000000173e0000,0x00000000174e0000] [id=14844]

VM state:not at safepoint (normal execution)

VM Mutex/Monitor currently owned by a thread: None

Heap:
 PSYoungGen      total 292864K, used 279673K [0x00000000eab00000, 0x00000000fec00000, 0x0000000100000000)
  eden space 275456K, 95% used [0x00000000eab00000,0x00000000fab46360,0x00000000fb800000)
  from space 17408K, 99% used [0x00000000fdb00000,0x00000000febd8398,0x00000000fec00000)
  to   space 26624K, 0% used [0x00000000fb800000,0x00000000fb800000,0x00000000fd200000)
 ParOldGen       total 175104K, used 54854K [0x00000000c0000000, 0x00000000cab00000, 0x00000000eab00000)
  object space 175104K, 31% used [0x00000000c0000000,0x00000000c3591898,0x00000000cab00000)
 Metaspace       used 69981K, capacity 73326K, committed 73624K, reserved 1112064K
  class space    used 9350K, capacity 10049K, committed 10160K, reserved 1048576K

Card table byte_map: [0x0000000012260000,0x0000000012470000] byte_map_base: 0x0000000011c60000

Marking Bits: (ParMarkBitMap*) 0x00000000775d08c0
 Begin Bits: [0x00000000129d0000, 0x00000000139d0000)
 End Bits:   [0x00000000139d0000, 0x00000000149d0000)

Polling page: 0x00000000013e0000

CodeCache: size=245760Kb used=34146Kb max_used=34514Kb free=211613Kb
 bounds [0x0000000002ea0000, 0x0000000005090000, 0x0000000011ea0000]
 total_blobs=11623 nmethods=10813 adapters=722
 compilation: enabled

Compilation events (10 events):
Event: 1253.769 Thread 0x000000001558a000 13132       3       com.android.build.gradle.internal.scope.ArtifactPublishingUtil::access$getConfigurationVariantName (6 bytes)
Event: 1253.769 Thread 0x000000001558a000 nmethod 13132 0x0000000003f11fd0 code [0x0000000003f12140, 0x0000000003f122a8]
Event: 1253.769 Thread 0x000000001558a000 13134   !   3       groovy.lang.MetaClassImpl::invokeMethod (1088 bytes)
Event: 1253.781 Thread 0x000000001558a000 nmethod 13134 0x000000000469dfd0 code [0x000000000469e820, 0x00000000046a5e38]
Event: 1253.781 Thread 0x000000001558a000 13135       3       org.gradle.api.internal.AsmBackedClassGenerator$MixInExtensibleDynamicObject::<init> (15 bytes)
Event: 1253.782 Thread 0x000000001558a000 nmethod 13135 0x00000000047ed1d0 code [0x00000000047ed420, 0x00000000047ee238]
Event: 1253.782 Thread 0x000000001558a000 13136       3       org.gradle.api.internal.AsmBackedClassGenerator$MixInExtensibleDynamicObject::wrap (19 bytes)
Event: 1253.783 Thread 0x000000001558a000 nmethod 13136 0x000000000469d950 code [0x000000000469dae0, 0x000000000469de88]
Event: 1253.783 Thread 0x000000001558a000 13137       3       org.gradle.api.internal.ExtensibleDynamicObject::<init> (15 bytes)
Event: 1253.783 Thread 0x000000001558a000 nmethod 13137 0x000000000469d490 code [0x000000000469d600, 0x000000000469d838]

GC Heap History (10 events):
Event: 163.774 GC heap before
{Heap before GC invocations=15 (full 3):
 PSYoungGen      total 314368K, used 291348K [0x00000000eab00000, 0x0000000100000000, 0x0000000100000000)
  eden space 286208K, 99% used [0x00000000eab00000,0x00000000fc26a918,0x00000000fc280000)
  from space 28160K, 18% used [0x00000000fc280000,0x00000000fc79a9d0,0x00000000fde00000)
  to   space 28160K, 0% used [0x00000000fe480000,0x00000000fe480000,0x0000000100000000)
 ParOldGen       total 175104K, used 53242K [0x00000000c0000000, 0x00000000cab00000, 0x00000000eab00000)
  object space 175104K, 30% used [0x00000000c0000000,0x00000000c33fe858,0x00000000cab00000)
 Metaspace       used 67386K, capacity 69466K, committed 69656K, reserved 1110016K
  class space    used 9138K, capacity 9649K, committed 9776K, reserved 1048576K
Event: 163.793 GC heap after
Heap after GC invocations=15 (full 3):
 PSYoungGen      total 317952K, used 13152K [0x00000000eab00000, 0x00000000ffd00000, 0x0000000100000000)
  eden space 292864K, 0% used [0x00000000eab00000,0x00000000eab00000,0x00000000fc900000)
  from space 25088K, 52% used [0x00000000fe480000,0x00000000ff1582e0,0x00000000ffd00000)
  to   space 26624K, 0% used [0x00000000fc900000,0x00000000fc900000,0x00000000fe300000)
 ParOldGen       total 175104K, used 54830K [0x00000000c0000000, 0x00000000cab00000, 0x00000000eab00000)
  object space 175104K, 31% used [0x00000000c0000000,0x00000000c358b898,0x00000000cab00000)
 Metaspace       used 67386K, capacity 69466K, committed 69656K, reserved 1110016K
  class space    used 9138K, capacity 9649K, committed 9776K, reserved 1048576K
}
Event: 575.127 GC heap before
{Heap before GC invocations=16 (full 3):
 PSYoungGen      total 317952K, used 306016K [0x00000000eab00000, 0x00000000ffd00000, 0x0000000100000000)
  eden space 292864K, 100% used [0x00000000eab00000,0x00000000fc900000,0x00000000fc900000)
  from space 25088K, 52% used [0x00000000fe480000,0x00000000ff1582e0,0x00000000ffd00000)
  to   space 26624K, 0% used [0x00000000fc900000,0x00000000fc900000,0x00000000fe300000)
 ParOldGen       total 175104K, used 54830K [0x00000000c0000000, 0x00000000cab00000, 0x00000000eab00000)
  object space 175104K, 31% used [0x00000000c0000000,0x00000000c358b898,0x00000000cab00000)
 Metaspace       used 68560K, capacity 71102K, committed 71320K, reserved 1110016K
  class space    used 9213K, capacity 9781K, committed 9904K, reserved 1048576K
Event: 575.141 GC heap after
Heap after GC invocations=16 (full 3):
 PSYoungGen      total 319488K, used 4577K [0x00000000eab00000, 0x0000000100000000, 0x0000000100000000)
  eden space 292864K, 0% used [0x00000000eab00000,0x00000000eab00000,0x00000000fc900000)
  from space 26624K, 17% used [0x00000000fc900000,0x00000000fcd78710,0x00000000fe300000)
  to   space 27136K, 0% used [0x00000000fe580000,0x00000000fe580000,0x0000000100000000)
 ParOldGen       total 175104K, used 54838K [0x00000000c0000000, 0x00000000cab00000, 0x00000000eab00000)
  object space 175104K, 31% used [0x00000000c0000000,0x00000000c358d898,0x00000000cab00000)
 Metaspace       used 68560K, capacity 71102K, committed 71320K, reserved 1110016K
  class space    used 9213K, capacity 9781K, committed 9904K, reserved 1048576K
}
Event: 578.250 GC heap before
{Heap before GC invocations=17 (full 3):
 PSYoungGen      total 319488K, used 297441K [0x00000000eab00000, 0x0000000100000000, 0x0000000100000000)
  eden space 292864K, 100% used [0x00000000eab00000,0x00000000fc900000,0x00000000fc900000)
  from space 26624K, 17% used [0x00000000fc900000,0x00000000fcd78710,0x00000000fe300000)
  to   space 27136K, 0% used [0x00000000fe580000,0x00000000fe580000,0x0000000100000000)
 ParOldGen       total 175104K, used 54838K [0x00000000c0000000, 0x00000000cab00000, 0x00000000eab00000)
  object space 175104K, 31% used [0x00000000c0000000,0x00000000c358d898,0x00000000cab00000)
 Metaspace       used 68763K, capacity 71312K, committed 71576K, reserved 1112064K
  class space    used 9216K, capacity 9784K, committed 9904K, reserved 1048576K
Event: 578.261 GC heap after
Heap after GC invocations=17 (full 3):
 PSYoungGen      total 321024K, used 8689K [0x00000000eab00000, 0x00000000ffe80000, 0x0000000100000000)
  eden space 295424K, 0% used [0x00000000eab00000,0x00000000eab00000,0x00000000fcb80000)
  from space 25600K, 33% used [0x00000000fe580000,0x00000000fedfc740,0x00000000ffe80000)
  to   space 26112K, 0% used [0x00000000fcb80000,0x00000000fcb80000,0x00000000fe500000)
 ParOldGen       total 175104K, used 54838K [0x00000000c0000000, 0x00000000cab00000, 0x00000000eab00000)
  object space 175104K, 31% used [0x00000000c0000000,0x00000000c358d898,0x00000000cab00000)
 Metaspace       used 68763K, capacity 71312K, committed 71576K, reserved 1112064K
  class space    used 9216K, capacity 9784K, committed 9904K, reserved 1048576K
}
Event: 982.496 GC heap before
{Heap before GC invocations=18 (full 3):
 PSYoungGen      total 321024K, used 304113K [0x00000000eab00000, 0x00000000ffe80000, 0x0000000100000000)
  eden space 295424K, 100% used [0x00000000eab00000,0x00000000fcb80000,0x00000000fcb80000)
  from space 25600K, 33% used [0x00000000fe580000,0x00000000fedfc740,0x00000000ffe80000)
  to   space 26112K, 0% used [0x00000000fcb80000,0x00000000fcb80000,0x00000000fe500000)
 ParOldGen       total 175104K, used 54838K [0x00000000c0000000, 0x00000000cab00000, 0x00000000eab00000)
  object space 175104K, 31% used [0x00000000c0000000,0x00000000c358d898,0x00000000cab00000)
 Metaspace       used 69222K, capacity 71954K, committed 72088K, reserved 1112064K
  class space    used 9238K, capacity 9853K, committed 9904K, reserved 1048576K
Event: 982.511 GC heap after
Heap after GC invocations=18 (full 3):
 PSYoungGen      total 301056K, used 15614K [0x00000000eab00000, 0x00000000ff480000, 0x0000000100000000)
  eden space 285184K, 0% used [0x00000000eab00000,0x00000000eab00000,0x00000000fc180000)
  from space 15872K, 98% used [0x00000000fcb80000,0x00000000fdabfb58,0x00000000fdb00000)
  to   space 26112K, 0% used [0x00000000fdb00000,0x00000000fdb00000,0x00000000ff480000)
 ParOldGen       total 175104K, used 54846K [0x00000000c0000000, 0x00000000cab00000, 0x00000000eab00000)
  object space 175104K, 31% used [0x00000000c0000000,0x00000000c358f898,0x00000000cab00000)
 Metaspace       used 69222K, capacity 71954K, committed 72088K, reserved 1112064K
  class space    used 9238K, capacity 9853K, committed 9904K, reserved 1048576K
}
Event: 1093.711 GC heap before
{Heap before GC invocations=19 (full 3):
 PSYoungGen      total 301056K, used 300761K [0x00000000eab00000, 0x00000000ff480000, 0x0000000100000000)
  eden space 285184K, 99% used [0x00000000eab00000,0x00000000fc176b60,0x00000000fc180000)
  from space 15872K, 98% used [0x00000000fcb80000,0x00000000fdabfb58,0x00000000fdb00000)
  to   space 26112K, 0% used [0x00000000fdb00000,0x00000000fdb00000,0x00000000ff480000)
 ParOldGen       total 175104K, used 54846K [0x00000000c0000000, 0x00000000cab00000, 0x00000000eab00000)
  object space 175104K, 31% used [0x00000000c0000000,0x00000000c358f898,0x00000000cab00000)
 Metaspace       used 69897K, capacity 73194K, committed 73368K, reserved 1112064K
  class space    used 9349K, capacity 10049K, committed 10160K, reserved 1048576K
Event: 1093.739 GC heap after
Heap after GC invocations=19 (full 3):
 PSYoungGen      total 292864K, used 17248K [0x00000000eab00000, 0x00000000fec00000, 0x0000000100000000)
  eden space 275456K, 0% used [0x00000000eab00000,0x00000000eab00000,0x00000000fb800000)
  from space 17408K, 99% used [0x00000000fdb00000,0x00000000febd8398,0x00000000fec00000)
  to   space 26624K, 0% used [0x00000000fb800000,0x00000000fb800000,0x00000000fd200000)
 ParOldGen       total 175104K, used 54854K [0x00000000c0000000, 0x00000000cab00000, 0x00000000eab00000)
  object space 175104K, 31% used [0x00000000c0000000,0x00000000c3591898,0x00000000cab00000)
 Metaspace       used 69897K, capacity 73194K, committed 73368K, reserved 1112064K
  class space    used 9349K, capacity 10049K, committed 10160K, reserved 1048576K
}

Deoptimization events (10 events):
Event: 575.842 Thread 0x000000001b626800 Uncommon trap: reason=array_check action=maybe_recompile pc=0x0000000004b5d268 method=java.util.TimSort.reverseRange([Ljava/lang/Object;II)V @ 27
Event: 575.896 Thread 0x000000001b625000 Uncommon trap: reason=array_check action=maybe_recompile pc=0x0000000004b5d268 method=java.util.TimSort.reverseRange([Ljava/lang/Object;II)V @ 27
Event: 576.491 Thread 0x000000001b61f800 Uncommon trap: reason=class_check action=maybe_recompile pc=0x0000000003035928 method=org.gradle.internal.fingerprint.impl.SnapshotMapSerializer.writeSnapshot(Lorg/gradle/internal/serialize/Encoder;Lorg/gradle/internal/fingerprint/NormalizedFileSnapshot;)
Event: 676.031 Thread 0x000000001b61d800 Uncommon trap: reason=unstable_if action=reinterpret pc=0x0000000003b34b0c method=java.util.concurrent.locks.LockSupport.unpark(Ljava/lang/Thread;)V @ 1
Event: 981.938 Thread 0x000000001b628800 Uncommon trap: reason=class_check action=maybe_recompile pc=0x0000000004ca8590 method=com.sun.org.apache.xerces.internal.dom.NamedNodeMapImpl.getNamedItem(Ljava/lang/String;)Lorg/w3c/dom/Node; @ 28
Event: 981.938 Thread 0x000000001b628800 Uncommon trap: reason=class_check action=maybe_recompile pc=0x0000000004ca8590 method=com.sun.org.apache.xerces.internal.dom.NamedNodeMapImpl.getNamedItem(Ljava/lang/String;)Lorg/w3c/dom/Node; @ 28
Event: 981.938 Thread 0x000000001b628800 Uncommon trap: reason=class_check action=maybe_recompile pc=0x0000000004ca8590 method=com.sun.org.apache.xerces.internal.dom.NamedNodeMapImpl.getNamedItem(Ljava/lang/String;)Lorg/w3c/dom/Node; @ 28
Event: 981.939 Thread 0x000000001b628800 Uncommon trap: reason=class_check action=maybe_recompile pc=0x0000000004ca8590 method=com.sun.org.apache.xerces.internal.dom.NamedNodeMapImpl.getNamedItem(Ljava/lang/String;)Lorg/w3c/dom/Node; @ 28
Event: 983.396 Thread 0x000000001b623800 Uncommon trap: reason=unstable_if action=reinterpret pc=0x00000000037051f4 method=java.util.concurrent.locks.AbstractQueuedSynchronizer.enq(Ljava/util/concurrent/locks/AbstractQueuedSynchronizer$Node;)Ljava/util/concurrent/locks/AbstractQueuedSynchronizer
Event: 1253.597 Thread 0x00000000187db000 Uncommon trap: reason=null_check action=make_not_entrant pc=0x0000000003a14920 method=org.gradle.api.internal.collections.CollectionFilter.filter(Ljava/lang/Object;)Ljava/lang/Object; @ 5

Classes redefined (0 events):
No events

Internal exceptions (10 events):
Event: 1253.650 Thread 0x00000000187db000 Exception <a 'sun/nio/fs/WindowsException'> (0x00000000f9e9fe80) thrown at [C:\re\workspace\8-2-build-windows-amd64-cygwin\jdk8u171\10807\hotspot\src\share\vm\prims\jni.cpp, line 709]
Event: 1253.651 Thread 0x00000000187db000 Exception <a 'sun/nio/fs/WindowsException'> (0x00000000f9ea3ae8) thrown at [C:\re\workspace\8-2-build-windows-amd64-cygwin\jdk8u171\10807\hotspot\src\share\vm\prims\jni.cpp, line 709]
Event: 1253.651 Thread 0x00000000187db000 Exception <a 'sun/nio/fs/WindowsException'> (0x00000000f9ea48b0) thrown at [C:\re\workspace\8-2-build-windows-amd64-cygwin\jdk8u171\10807\hotspot\src\share\vm\prims\jni.cpp, line 709]
Event: 1253.651 Thread 0x00000000187db000 Exception <a 'sun/nio/fs/WindowsException'> (0x00000000f9ea6a80) thrown at [C:\re\workspace\8-2-build-windows-amd64-cygwin\jdk8u171\10807\hotspot\src\share\vm\prims\jni.cpp, line 709]
Event: 1253.651 Thread 0x00000000187db000 Exception <a 'sun/nio/fs/WindowsException'> (0x00000000f9ea7888) thrown at [C:\re\workspace\8-2-build-windows-amd64-cygwin\jdk8u171\10807\hotspot\src\share\vm\prims\jni.cpp, line 709]
Event: 1253.652 Thread 0x00000000187db000 Exception <a 'sun/nio/fs/WindowsException'> (0x00000000f9eaa990) thrown at [C:\re\workspace\8-2-build-windows-amd64-cygwin\jdk8u171\10807\hotspot\src\share\vm\prims\jni.cpp, line 709]
Event: 1253.652 Thread 0x00000000187db000 Exception <a 'sun/nio/fs/WindowsException'> (0x00000000f9eab7a8) thrown at [C:\re\workspace\8-2-build-windows-amd64-cygwin\jdk8u171\10807\hotspot\src\share\vm\prims\jni.cpp, line 709]
Event: 1253.652 Thread 0x00000000187db000 Exception <a 'sun/nio/fs/WindowsException'> (0x00000000f9ead9c8) thrown at [C:\re\workspace\8-2-build-windows-amd64-cygwin\jdk8u171\10807\hotspot\src\share\vm\prims\jni.cpp, line 709]
Event: 1253.652 Thread 0x00000000187db000 Exception <a 'sun/nio/fs/WindowsException'> (0x00000000f9eae820) thrown at [C:\re\workspace\8-2-build-windows-amd64-cygwin\jdk8u171\10807\hotspot\src\share\vm\prims\jni.cpp, line 709]
Event: 1253.736 Thread 0x00000000187db000 Exception <a 'sun/nio/fs/WindowsException'> (0x00000000fa4d4e48) thrown at [C:\re\workspace\8-2-build-windows-amd64-cygwin\jdk8u171\10807\hotspot\src\share\vm\prims\jni.cpp, line 709]

Events (10 events):
Event: 1253.560 Thread 0x0000000015579000 flushing nmethod 0x00000000047ed1d0
Event: 1253.574 Executing VM operation: RevokeBias
Event: 1253.574 Executing VM operation: RevokeBias done
Event: 1253.576 Thread 0x000000001558a000 flushing nmethod 0x00000000048ebf10
Event: 1253.576 Thread 0x000000001558a000 flushing nmethod 0x00000000049d5e50
Event: 1253.578 Thread 0x000000001558a000 flushing nmethod 0x0000000004bb76d0
Event: 1253.579 Thread 0x000000001558a000 flushing nmethod 0x0000000004ced550
Event: 1253.597 Thread 0x00000000187db000 Uncommon trap: trap_request=0xfffffff4 fr.pc=0x0000000003a14920
Event: 1253.597 Thread 0x00000000187db000 DEOPT PACKING pc=0x0000000003a14920 sp=0x0000000019c2c520
Event: 1253.597 Thread 0x00000000187db000 DEOPT UNPACKING pc=0x0000000002ee583b sp=0x0000000019c2c4c8 mode 2


Dynamic libraries:
0x00007ff7a9d10000 - 0x00007ff7a9d47000 	C:\Program Files\Java\jdk1.8.0_171\bin\java.exe
0x00007ffd5ac80000 - 0x00007ffd5ae70000 	C:\WINDOWS\SYSTEM32\ntdll.dll
0x00007ffd2c570000 - 0x00007ffd2c584000 	C:\Program Files\AVAST Software\Avast\aswhook.dll
0x00007ffd5a910000 - 0x00007ffd5a9c2000 	C:\WINDOWS\System32\KERNEL32.DLL
0x00007ffd58430000 - 0x00007ffd586d3000 	C:\WINDOWS\System32\KERNELBASE.dll
0x00007ffd5aaf0000 - 0x00007ffd5ab93000 	C:\WINDOWS\System32\ADVAPI32.dll
0x00007ffd5aba0000 - 0x00007ffd5ac3e000 	C:\WINDOWS\System32\msvcrt.dll
0x00007ffd58d30000 - 0x00007ffd58dc7000 	C:\WINDOWS\System32\sechost.dll
0x00007ffd5a9d0000 - 0x00007ffd5aaf0000 	C:\WINDOWS\System32\RPCRT4.dll
0x00007ffd5a460000 - 0x00007ffd5a5f4000 	C:\WINDOWS\System32\USER32.dll
0x00007ffd58b00000 - 0x00007ffd58b21000 	C:\WINDOWS\System32\win32u.dll
0x00007ffd58f10000 - 0x00007ffd58f36000 	C:\WINDOWS\System32\GDI32.dll
0x00007ffd58780000 - 0x00007ffd58914000 	C:\WINDOWS\System32\gdi32full.dll
0x00007ffd586e0000 - 0x00007ffd5877e000 	C:\WINDOWS\System32\msvcp_win.dll
0x00007ffd58a00000 - 0x00007ffd58afa000 	C:\WINDOWS\System32\ucrtbase.dll
0x00007ffd43c90000 - 0x00007ffd43f15000 	C:\WINDOWS\WinSxS\amd64_microsoft.windows.common-controls_6595b64144ccf1df_6.0.18362.418_none_e6c6b287130d565d\COMCTL32.dll
0x00007ffd59b60000 - 0x00007ffd59e96000 	C:\WINDOWS\System32\combase.dll
0x00007ffd57c10000 - 0x00007ffd57c90000 	C:\WINDOWS\System32\bcryptPrimitives.dll
0x00007ffd599d0000 - 0x00007ffd599fe000 	C:\WINDOWS\System32\IMM32.DLL
0x0000000077ce0000 - 0x0000000077db2000 	C:\Program Files\Java\jdk1.8.0_171\jre\bin\msvcr100.dll
0x0000000076db0000 - 0x0000000077650000 	C:\Program Files\Java\jdk1.8.0_171\jre\bin\server\jvm.dll
0x00007ffd59b50000 - 0x00007ffd59b58000 	C:\WINDOWS\System32\PSAPI.DLL
0x00007ffd42a70000 - 0x00007ffd42a79000 	C:\WINDOWS\SYSTEM32\WSOCK32.dll
0x00007ffd59890000 - 0x00007ffd598ff000 	C:\WINDOWS\System32\WS2_32.dll
0x00007ffd55900000 - 0x00007ffd55924000 	C:\WINDOWS\SYSTEM32\WINMM.dll
0x00007ffd4e780000 - 0x00007ffd4e78a000 	C:\WINDOWS\SYSTEM32\VERSION.dll
0x00007ffd558d0000 - 0x00007ffd558fd000 	C:\WINDOWS\SYSTEM32\WINMMBASE.dll
0x00007ffd58980000 - 0x00007ffd589ca000 	C:\WINDOWS\System32\cfgmgr32.dll
0x0000000050090000 - 0x000000005009f000 	C:\Program Files\Java\jdk1.8.0_171\jre\bin\verify.dll
0x0000000050060000 - 0x0000000050089000 	C:\Program Files\Java\jdk1.8.0_171\jre\bin\java.dll
0x0000000050040000 - 0x0000000050056000 	C:\Program Files\Java\jdk1.8.0_171\jre\bin\zip.dll
0x00007ffd591a0000 - 0x00007ffd59885000 	C:\WINDOWS\System32\SHELL32.dll
0x00007ffd59090000 - 0x00007ffd59139000 	C:\WINDOWS\System32\shcore.dll
0x00007ffd57cb0000 - 0x00007ffd5842f000 	C:\WINDOWS\System32\windows.storage.dll
0x00007ffd57bf0000 - 0x00007ffd57c0f000 	C:\WINDOWS\System32\profapi.dll
0x00007ffd57b60000 - 0x00007ffd57baa000 	C:\WINDOWS\System32\powrprof.dll
0x00007ffd57b50000 - 0x00007ffd57b60000 	C:\WINDOWS\System32\UMPDC.dll
0x00007ffd5a3f0000 - 0x00007ffd5a442000 	C:\WINDOWS\System32\shlwapi.dll
0x00007ffd57bb0000 - 0x00007ffd57bc1000 	C:\WINDOWS\System32\kernel.appcore.dll
0x00007ffd57c90000 - 0x00007ffd57ca7000 	C:\WINDOWS\System32\cryptsp.dll
0x0000000050020000 - 0x000000005003a000 	C:\Program Files\Java\jdk1.8.0_171\jre\bin\net.dll
0x00007ffd57360000 - 0x00007ffd573c7000 	C:\WINDOWS\system32\mswsock.dll
0x0000000050000000 - 0x0000000050011000 	C:\Program Files\Java\jdk1.8.0_171\jre\bin\nio.dll
0x00007ffd50860000 - 0x00007ffd5087e000 	C:\Users\Pablo\.gradle\native\25\windows-amd64\native-platform.dll
0x0000000077cd0000 - 0x0000000077cdd000 	C:\Program Files\Java\jdk1.8.0_171\jre\bin\management.dll
0x00007ffd56ed0000 - 0x00007ffd56f03000 	C:\WINDOWS\system32\rsaenh.dll
0x00007ffd589d0000 - 0x00007ffd589f6000 	C:\WINDOWS\System32\bcrypt.dll
0x00007ffd57a40000 - 0x00007ffd57a65000 	C:\WINDOWS\SYSTEM32\USERENV.dll
0x00007ffd57530000 - 0x00007ffd5753c000 	C:\WINDOWS\SYSTEM32\CRYPTBASE.dll
0x00007ffd57070000 - 0x00007ffd570aa000 	C:\WINDOWS\SYSTEM32\IPHLPAPI.DLL
0x00007ffd59ea0000 - 0x00007ffd59ea8000 	C:\WINDOWS\System32\NSI.dll
0x00007ffd4d1a0000 - 0x00007ffd4d1b6000 	C:\WINDOWS\SYSTEM32\dhcpcsvc6.DLL
0x00007ffd4e820000 - 0x00007ffd4e83c000 	C:\WINDOWS\SYSTEM32\dhcpcsvc.DLL
0x00007ffd570b0000 - 0x00007ffd5717a000 	C:\WINDOWS\SYSTEM32\DNSAPI.dll
0x00007ffd56bb0000 - 0x00007ffd56be1000 	C:\WINDOWS\SYSTEM32\ntmarta.dll

VM Arguments:
jvm_args: -XX:+HeapDumpOnOutOfMemoryError -Xmx1024m -Dfile.encoding=windows-1252 -Duser.country=US -Duser.language=en -Duser.variant 
java_command: org.gradle.launcher.daemon.bootstrap.GradleDaemon 4.10.3
java_class_path (initial): C:\Users\Pablo\.gradle\wrapper\dists\gradle-4.10.3-all\81msde2dx9p4vji0mjgtvxkcb\gradle-4.10.3\lib\gradle-launcher-4.10.3.jar
Launcher Type: SUN_STANDARD

Environment Variables:
JAVA_HOME=C:\Program Files\Java\jdk1.8.0_171
CLASSPATH=C:\Repositorio\SOSPY\platforms\android\\gradle\wrapper\gradle-wrapper.jar
PATH=C:\Users\Pablo\bin;C:\Program Files\Git\mingw64\bin;C:\Program Files\Git\usr\local\bin;C:\Program Files\Git\usr\bin;C:\Program Files\Git\usr\bin;C:\Program Files\Git\mingw64\bin;C:\Program Files\Git\usr\bin;C:\Users\Pablo\bin;C:\app\Pablo\product\18.0.0\dbhomeXE\bin;C:\oraclexe\app\oracle\product\11.2.0\server\bin;C:\Python27;C:\Python27\Scripts;C:\Program Files (x86)\Common Files\Oracle\Java\javapath;C:\Program Files (x86)\Intel\iCLS Client;C:\Program Files\Intel\iCLS Client;C:\WINDOWS\system32;C:\WINDOWS;C:\WINDOWS\System32\Wbem;C:\WINDOWS\System32\WindowsPowerShell\v1.0;C:\Program Files (x86)\Intel\Intel(R) Management Engine Components\DAL;C:\Program Files\Intel\Intel(R) Management Engine Components\DAL;C:\Program Files (x86)\Intel\Intel(R) Management Engine Components\IPT;C:\Program Files\Intel\Intel(R) Management Engine Components\IPT;C:\WINDOWS\System32\OpenSSH;C:\Program Files\Java\jdk1.8.0_171\bin;C:\Program Files\Git\cmd;C:\oracle\instantclient_18_5;C:\sqlite3;C:\Program Files\Microsoft VS Code\bin;C:\Program Files\nodejs;C:\ProgramData\chocolatey\bin;C:\composer;C:\wamp64\bin\php\php7.1.22;C:\Users\Pablo\AppData\Local\Microsoft\WindowsApps;C:\Users\Pablo\AppData\Roaming\Composer\vendor\bin;C:\Users\Pablo\AppData\Roaming\npm;C:\ords;C:\Program Files\Git\usr\bin\vendor_perl;C:\Program Files\Git\usr\bin\core_perl;C:\Users\Pablo\AppData\Local\Android\Sdk\tools;C:\Users\Pablo\AppData\Local\Android\Sdk\platform-tools;C:\Users\Pablo\AppData\Local\Android\Sdk\tools\bin
USERNAME=Pablo
SHELL=C:\Program Files\Git\usr\bin\bash.exe
DISPLAY=needs-to-be-defined
OS=Windows_NT
PROCESSOR_IDENTIFIER=Intel64 Family 6 Model 142 Stepping 9, GenuineIntel



---------------  S Y S T E M  ---------------

OS: Windows 10.0 , 64 bit Build 18362 (10.0.18362.329)

CPU:total 4 (initial active 4) (2 cores per cpu, 2 threads per core) family 6 model 142 stepping 9, cmov, cx8, fxsr, mmx, sse, sse2, sse3, ssse3, sse4.1, sse4.2, popcnt, avx, avx2, aes, clmul, erms, 3dnowpref, lzcnt, ht, tsc, tscinvbit, bmi1, bmi2, adx

Memory: 4k page, physical 12447972k(2996500k free), swap 12447972k(4116k free)

vm_info: Java HotSpot(TM) 64-Bit Server VM (25.171-b11) for windows-amd64 JRE (1.8.0_171-b11), built on Mar 28 2018 16:06:12 by "java_re" with MS VC++ 10.0 (VS2010)

time: Thu Nov 14 19:17:31 2019
elapsed time: 1253 seconds (0d 0h 20m 53s)

